Added Component: Designator=ANT1(2.4GHZ_ANTENNA)
Added Component: Designator=C1(CAPC1206(3216)100_M)
Added Component: Designator=C2(CAPC1206(3216)100_M)
Added Component: Designator=C3(CAPC1210(3225)170_L)
Added Component: Designator=C4(CAPC1210(3225)170_L)
Added Component: Designator=C5(CAPC0603(1608)100_N)
Added Component: Designator=C6(CAPC1206(3216)100_M)
Added Component: Designator=C7(CAPC0603(1608)100_N)
Added Component: Designator=C8(CAPC0603(1608)100_N)
Added Component: Designator=C9(CAPC0603(1608)100_N)
Added Component: Designator=C10(CAPC1206(3216)100_M)
Added Component: Designator=C11(CAPC0603(1608)100_N)
Added Component: Designator=C12(CAPC1210(3225)170_L)
Added Component: Designator=C13(CAPC1206(3216)100_M)
Added Component: Designator=C14(CAPC0603(1608)100_M)
Added Component: Designator=C15(CAPC0603(1608)100_M)
Added Component: Designator=C16(CAPC0603(1608)100_M)
Added Component: Designator=C17(CAPC0603(1608)100_M)
Added Component: Designator=C18(CAPC0603(1608)100_M)
Added Component: Designator=C19(CAPC0603(1608)100_L)
Added Component: Designator=C20(CAPC0603(1608)100_M)
Added Component: Designator=C21(CAPC0603(1608)100_L)
Added Component: Designator=C22(CAPC0603(1608)100_L)
Added Component: Designator=C23(CAPC0603(1608)100_M)
Added Component: Designator=C24(CAPC0603(1608)100_M)
Added Component: Designator=C25(CAPC0603(1608)100_M)
Added Component: Designator=C26(CAPC0603(1608)100_M)
Added Component: Designator=D1_RC1(ONSC-SOD-123FL-2-498_V)
Added Component: Designator=D1_RC2(ONSC-SOD-123FL-2-498_V)
Added Component: Designator=D1(TI-DBZ3_N)
Added Component: Designator=D2(ONSC-SOD-523-2-502-01_V)
Added Component: Designator=F1(LFUS-0154001.DR_V)
Added Component: Designator=FB1(MURA-BLM15-CHIP-2_V)
Added Component: Designator=FB2(MURA-BLM15-CHIP-2_V)
Added Component: Designator=FB3(MURA-BLM15-CHIP-2_V)
Added Component: Designator=J1(HRS-U.FL-R-SMT_V)
Added Component: Designator=J2(HIRO-ZX62R-B-5P_V)
Added Component: Designator=K1_RC1(PCBComponent_1 - duplicate)
Added Component: Designator=K1_RC2(PCBComponent_1 - duplicate)
Added Component: Designator=L1(WE-CAIR_4248)
Added Component: Designator=L2(WE-CAIR_4248)
Added Component: Designator=P1(PCBComponent_1)
Added Component: Designator=P2(HDR1X5)
Added Component: Designator=P3(HDR1X2)
Added Component: Designator=P4_TR1(HDR1X2)
Added Component: Designator=P4_TR2(HDR1X2)
Added Component: Designator=P4(HDR1X6)
Added Component: Designator=P5_RC1(PCBComponent_1)
Added Component: Designator=P5_RC2(PCBComponent_1)
Added Component: Designator=P5(HDR1X16)
Added Component: Designator=PS1(PCBComponent_1 - duplicate1)
Added Component: Designator=Q1_RC1(FAIR-SOT23-3_V)
Added Component: Designator=Q1_RC2(FAIR-SOT23-3_V)
Added Component: Designator=R1_TR1(RESC0603(1608)_L)
Added Component: Designator=R1_TR2(RESC0603(1608)_L)
Added Component: Designator=R1(RESC0603(1608)_L)
Added Component: Designator=R2(RESC0201(0603)_N)
Added Component: Designator=R3(RESC0603(1608)_L)
Added Component: Designator=R4(RESC0603(1608)_L)
Added Component: Designator=R5(RESC0603(1608)_L)
Added Component: Designator=R6(RESC0603(1608)_L)
Added Component: Designator=R7(RESC0603(1608)_N)
Added Component: Designator=R8(RESC0603(1608)_M)
Added Component: Designator=R9(RESC0603(1608)_N)
Added Component: Designator=R10(RESC0603(1608)_N)
Added Component: Designator=R11(RESC0603(1608)_N)
Added Component: Designator=R12(RESC0201(0603)_L)
Added Component: Designator=R13(RESC0603(1608)_N)
Added Component: Designator=R14(RESC0603(1608)_L)
Added Component: Designator=R17(RESC0603(1608)_L)
Added Component: Designator=R18(RESC0603(1608)_N)
Added Component: Designator=SD1(JAE-ST9S008V4AR1500_V)
Added Component: Designator=U1(QFN40P600X600X90_HS-49N)
Added Component: Designator=U2(NDE0003A)
Added Component: Designator=U3(TI-DBV5_M)
Added Component: Designator=U4(NEO)
Added Component: Designator=X1(TXC-7B-4_V)
Added Component: Designator=X2(ITTI-14340272-32.768KHz-2_V)
Added Pin To Net: NetName=3V0 Pin=D1-1
Added Pin To Net: NetName=3V0 Pin=R7-1
Added Pin To Net: NetName=3V0 Pin=R9-2
Added Pin To Net: NetName=3V0 Pin=U3-5
Added Net: Name=3V0
Added Pin To Net: NetName=3V3 Pin=C1-2
Added Pin To Net: NetName=3V3 Pin=C2-2
Added Pin To Net: NetName=3V3 Pin=C3-2
Added Pin To Net: NetName=3V3 Pin=C4-2
Added Pin To Net: NetName=3V3 Pin=C5-1
Added Pin To Net: NetName=3V3 Pin=C7-1
Added Pin To Net: NetName=3V3 Pin=C8-2
Added Pin To Net: NetName=3V3 Pin=C9-1
Added Pin To Net: NetName=3V3 Pin=C10-2
Added Pin To Net: NetName=3V3 Pin=C22-2
Added Pin To Net: NetName=3V3 Pin=D2-1
Added Pin To Net: NetName=3V3 Pin=P5-8
Added Pin To Net: NetName=3V3 Pin=P5-9
Added Pin To Net: NetName=3V3 Pin=R1-2
Added Pin To Net: NetName=3V3 Pin=R7-2
Added Pin To Net: NetName=3V3 Pin=R14-2
Added Pin To Net: NetName=3V3 Pin=R18-2
Added Pin To Net: NetName=3V3 Pin=U1-1
Added Pin To Net: NetName=3V3 Pin=U1-3
Added Pin To Net: NetName=3V3 Pin=U1-4
Added Pin To Net: NetName=3V3 Pin=U1-19
Added Pin To Net: NetName=3V3 Pin=U1-26
Added Pin To Net: NetName=3V3 Pin=U1-43
Added Pin To Net: NetName=3V3 Pin=U1-46
Added Pin To Net: NetName=3V3 Pin=U2-3
Added Pin To Net: NetName=3V3 Pin=U4-23
Added Net: Name=3V3
Added Pin To Net: NetName=5V0 Pin=J2-1
Added Pin To Net: NetName=5V0 Pin=U4-7
Added Net: Name=5V0
Added Pin To Net: NetName=12V Pin=C21-2
Added Pin To Net: NetName=12V Pin=D1_RC1-1
Added Pin To Net: NetName=12V Pin=D1_RC2-1
Added Pin To Net: NetName=12V Pin=K1_RC1-COIL B
Added Pin To Net: NetName=12V Pin=K1_RC2-COIL B
Added Pin To Net: NetName=12V Pin=PS1-+V
Added Pin To Net: NetName=12V Pin=U2-1
Added Net: Name=12V
Added Pin To Net: NetName=AC/L Pin=F1-1
Added Pin To Net: NetName=AC/L Pin=K1_RC1-LOAD
Added Pin To Net: NetName=AC/L Pin=K1_RC2-LOAD
Added Pin To Net: NetName=AC/L Pin=P1-2
Added Pin To Net: NetName=AC/L Pin=R8-1
Added Net: Name=AC/L
Added Pin To Net: NetName=AC/N Pin=P1-1
Added Pin To Net: NetName=AC/N Pin=P5_RC1-2
Added Pin To Net: NetName=AC/N Pin=P5_RC2-2
Added Pin To Net: NetName=AC/N Pin=PS1-AC/N
Added Pin To Net: NetName=AC/N Pin=R13-2
Added Net: Name=AC/N
Added Pin To Net: NetName=GND Pin=ANT1-0
Added Pin To Net: NetName=GND Pin=C1-1
Added Pin To Net: NetName=GND Pin=C2-1
Added Pin To Net: NetName=GND Pin=C3-1
Added Pin To Net: NetName=GND Pin=C4-1
Added Pin To Net: NetName=GND Pin=C5-2
Added Pin To Net: NetName=GND Pin=C6-1
Added Pin To Net: NetName=GND Pin=C7-2
Added Pin To Net: NetName=GND Pin=C8-1
Added Pin To Net: NetName=GND Pin=C9-2
Added Pin To Net: NetName=GND Pin=C10-1
Added Pin To Net: NetName=GND Pin=C13-1
Added Pin To Net: NetName=GND Pin=C14-1
Added Pin To Net: NetName=GND Pin=C15-1
Added Pin To Net: NetName=GND Pin=C16-1
Added Pin To Net: NetName=GND Pin=C17-1
Added Pin To Net: NetName=GND Pin=C18-2
Added Pin To Net: NetName=GND Pin=C20-1
Added Pin To Net: NetName=GND Pin=C21-1
Added Pin To Net: NetName=GND Pin=C22-1
Added Pin To Net: NetName=GND Pin=C24-2
Added Pin To Net: NetName=GND Pin=C25-1
Added Pin To Net: NetName=GND Pin=D1-2
Added Pin To Net: NetName=GND Pin=J1-1
Added Pin To Net: NetName=GND Pin=J1-2
Added Pin To Net: NetName=GND Pin=J2-5
Added Pin To Net: NetName=GND Pin=L2-2
Added Pin To Net: NetName=GND Pin=P3-1
Added Pin To Net: NetName=GND Pin=P3-2
Added Pin To Net: NetName=GND Pin=P4-1
Added Pin To Net: NetName=GND Pin=P4_TR1-1
Added Pin To Net: NetName=GND Pin=P4_TR2-1
Added Pin To Net: NetName=GND Pin=P5-10
Added Pin To Net: NetName=GND Pin=P5-11
Added Pin To Net: NetName=GND Pin=PS1--V
Added Pin To Net: NetName=GND Pin=Q1_RC1-2
Added Pin To Net: NetName=GND Pin=Q1_RC2-2
Added Pin To Net: NetName=GND Pin=R10-1
Added Pin To Net: NetName=GND Pin=R13-1
Added Pin To Net: NetName=GND Pin=R18-1
Added Pin To Net: NetName=GND Pin=SD1-6
Added Pin To Net: NetName=GND Pin=U1-49
Added Pin To Net: NetName=GND Pin=U2-2
Added Pin To Net: NetName=GND Pin=U3-2
Added Pin To Net: NetName=GND Pin=U4-1
Added Pin To Net: NetName=GND Pin=U4-2
Added Pin To Net: NetName=GND Pin=U4-10
Added Pin To Net: NetName=GND Pin=U4-12
Added Pin To Net: NetName=GND Pin=U4-13
Added Pin To Net: NetName=GND Pin=U4-24
Added Pin To Net: NetName=GND Pin=X1-2
Added Pin To Net: NetName=GND Pin=X1-4
Added Net: Name=GND
Added Pin To Net: NetName=NetANT1_1 Pin=ANT1-1
Added Pin To Net: NetName=NetANT1_1 Pin=C25-2
Added Pin To Net: NetName=NetANT1_1 Pin=C26-2
Added Net: Name=NetANT1_1
Added Pin To Net: NetName=NetC11_1 Pin=C11-1
Added Pin To Net: NetName=NetC11_1 Pin=U1-6
Added Net: Name=NetC11_1
Added Pin To Net: NetName=NetC11_2 Pin=C11-2
Added Pin To Net: NetName=NetC11_2 Pin=U1-5
Added Net: Name=NetC11_2
Added Pin To Net: NetName=NetC12_1 Pin=C12-1
Added Pin To Net: NetName=NetC12_1 Pin=U1-8
Added Net: Name=NetC12_1
Added Pin To Net: NetName=NetC12_2 Pin=C12-2
Added Pin To Net: NetName=NetC12_2 Pin=U1-7
Added Net: Name=NetC12_2
Added Pin To Net: NetName=NetC13_2 Pin=C13-2
Added Pin To Net: NetName=NetC13_2 Pin=R1-1
Added Pin To Net: NetName=NetC13_2 Pin=U1-9
Added Net: Name=NetC13_2
Added Pin To Net: NetName=NetC14_2 Pin=C14-2
Added Pin To Net: NetName=NetC14_2 Pin=U1-12
Added Pin To Net: NetName=NetC14_2 Pin=X2-1
Added Net: Name=NetC14_2
Added Pin To Net: NetName=NetC15_2 Pin=C15-2
Added Pin To Net: NetName=NetC15_2 Pin=U1-13
Added Pin To Net: NetName=NetC15_2 Pin=X2-2
Added Net: Name=NetC15_2
Added Pin To Net: NetName=NetC16_2 Pin=C16-2
Added Pin To Net: NetName=NetC16_2 Pin=U1-44
Added Pin To Net: NetName=NetC16_2 Pin=X1-3
Added Net: Name=NetC16_2
Added Pin To Net: NetName=NetC17_2 Pin=C17-2
Added Pin To Net: NetName=NetC17_2 Pin=U1-45
Added Pin To Net: NetName=NetC17_2 Pin=X1-1
Added Net: Name=NetC17_2
Added Pin To Net: NetName=NetC18_1 Pin=C18-1
Added Pin To Net: NetName=NetC18_1 Pin=C19-1
Added Pin To Net: NetName=NetC18_1 Pin=R2-1
Added Pin To Net: NetName=NetC18_1 Pin=U1-48
Added Net: Name=NetC18_1
Added Pin To Net: NetName=NetC19_2 Pin=C19-2
Added Pin To Net: NetName=NetC19_2 Pin=R2-2
Added Pin To Net: NetName=NetC19_2 Pin=U1-47
Added Net: Name=NetC19_2
Added Pin To Net: NetName=NetC20_2 Pin=C20-2
Added Pin To Net: NetName=NetC20_2 Pin=R12-2
Added Pin To Net: NetName=NetC20_2 Pin=U3-1
Added Net: Name=NetC20_2
Added Pin To Net: NetName=NetC23_1 Pin=C23-1
Added Pin To Net: NetName=NetC23_1 Pin=D2-2
Added Pin To Net: NetName=NetC23_1 Pin=R11-2
Added Pin To Net: NetName=NetC23_1 Pin=R12-1
Added Net: Name=NetC23_1
Added Pin To Net: NetName=NetC23_2 Pin=C23-2
Added Pin To Net: NetName=NetC23_2 Pin=U1-10
Added Pin To Net: NetName=NetC23_2 Pin=U3-3
Added Pin To Net: NetName=NetC23_2 Pin=U3-4
Added Net: Name=NetC23_2
Added Pin To Net: NetName=NetC24_1 Pin=C24-1
Added Pin To Net: NetName=NetC24_1 Pin=L1-1
Added Pin To Net: NetName=NetC24_1 Pin=R17-2
Added Net: Name=NetC24_1
Added Pin To Net: NetName=NetC26_1 Pin=C26-1
Added Pin To Net: NetName=NetC26_1 Pin=L2-1
Added Pin To Net: NetName=NetC26_1 Pin=U1-2
Added Net: Name=NetC26_1
Added Pin To Net: NetName=NetD1_RC1_2 Pin=D1_RC1-2
Added Pin To Net: NetName=NetD1_RC1_2 Pin=K1_RC1-COIL A
Added Pin To Net: NetName=NetD1_RC1_2 Pin=Q1_RC1-3
Added Net: Name=NetD1_RC1_2
Added Pin To Net: NetName=NetD1_RC2_2 Pin=D1_RC2-2
Added Pin To Net: NetName=NetD1_RC2_2 Pin=K1_RC2-COIL A
Added Pin To Net: NetName=NetD1_RC2_2 Pin=Q1_RC2-3
Added Net: Name=NetD1_RC2_2
Added Pin To Net: NetName=NetF1_2 Pin=F1-2
Added Pin To Net: NetName=NetF1_2 Pin=PS1-AC/L
Added Net: Name=NetF1_2
Added Pin To Net: NetName=NetFB1_1 Pin=FB1-1
Added Pin To Net: NetName=NetFB1_1 Pin=P5-3
Added Pin To Net: NetName=NetFB1_1 Pin=U1-31
Added Net: Name=NetFB1_1
Added Pin To Net: NetName=NetFB1_2 Pin=FB1-2
Added Pin To Net: NetName=NetFB1_2 Pin=U4-19
Added Net: Name=NetFB1_2
Added Pin To Net: NetName=NetFB2_1 Pin=FB2-1
Added Pin To Net: NetName=NetFB2_1 Pin=P5-6
Added Pin To Net: NetName=NetFB2_1 Pin=U1-32
Added Net: Name=NetFB2_1
Added Pin To Net: NetName=NetFB2_2 Pin=FB2-2
Added Pin To Net: NetName=NetFB2_2 Pin=U4-20
Added Net: Name=NetFB2_2
Added Pin To Net: NetName=NetFB3_1 Pin=FB3-1
Added Pin To Net: NetName=NetFB3_1 Pin=P5-5
Added Pin To Net: NetName=NetFB3_1 Pin=U1-33
Added Net: Name=NetFB3_1
Added Pin To Net: NetName=NetFB3_2 Pin=FB3-2
Added Pin To Net: NetName=NetFB3_2 Pin=U4-21
Added Net: Name=NetFB3_2
Added Pin To Net: NetName=NetJ1_3 Pin=J1-3
Added Pin To Net: NetName=NetJ1_3 Pin=L1-2
Added Pin To Net: NetName=NetJ1_3 Pin=U4-11
Added Net: Name=NetJ1_3
Added Pin To Net: NetName=NetK1_RC1_COM Pin=K1_RC1-COM
Added Pin To Net: NetName=NetK1_RC1_COM Pin=P5_RC1-1
Added Net: Name=NetK1_RC1_COM
Added Pin To Net: NetName=NetK1_RC2_COM Pin=K1_RC2-COM
Added Pin To Net: NetName=NetK1_RC2_COM Pin=P5_RC2-1
Added Net: Name=NetK1_RC2_COM
Added Pin To Net: NetName=NetP2_2 Pin=P2-2
Added Pin To Net: NetName=NetP2_2 Pin=R3-1
Added Net: Name=NetP2_2
Added Pin To Net: NetName=NetP2_3 Pin=P2-3
Added Pin To Net: NetName=NetP2_3 Pin=R6-1
Added Net: Name=NetP2_3
Added Pin To Net: NetName=NetP2_4 Pin=P2-4
Added Pin To Net: NetName=NetP2_4 Pin=R4-1
Added Net: Name=NetP2_4
Added Pin To Net: NetName=NetP2_5 Pin=P2-5
Added Pin To Net: NetName=NetP2_5 Pin=R5-1
Added Net: Name=NetP2_5
Added Pin To Net: NetName=NetP4_2 Pin=P4-2
Added Pin To Net: NetName=NetP4_2 Pin=U1-38
Added Net: Name=NetP4_2
Added Pin To Net: NetName=NetP4_4 Pin=P4-4
Added Pin To Net: NetName=NetP4_4 Pin=U1-40
Added Net: Name=NetP4_4
Added Pin To Net: NetName=NetP4_5 Pin=P4-5
Added Pin To Net: NetName=NetP4_5 Pin=U1-41
Added Net: Name=NetP4_5
Added Pin To Net: NetName=NetP4_6 Pin=P4-6
Added Pin To Net: NetName=NetP4_6 Pin=U1-39
Added Net: Name=NetP4_6
Added Pin To Net: NetName=NetP5_2 Pin=P5-2
Added Pin To Net: NetName=NetP5_2 Pin=U1-27
Added Net: Name=NetP5_2
Added Pin To Net: NetName=NetP5_4 Pin=P5-4
Added Pin To Net: NetName=NetP5_4 Pin=U1-30
Added Net: Name=NetP5_4
Added Pin To Net: NetName=NetP5_7 Pin=P5-7
Added Pin To Net: NetName=NetP5_7 Pin=U1-29
Added Net: Name=NetP5_7
Added Pin To Net: NetName=NetP5_14 Pin=P5-14
Added Pin To Net: NetName=NetP5_14 Pin=R14-1
Added Pin To Net: NetName=NetP5_14 Pin=U1-28
Added Net: Name=NetP5_14
Added Pin To Net: NetName=NetR8_2 Pin=R8-2
Added Pin To Net: NetName=NetR8_2 Pin=R9-1
Added Pin To Net: NetName=NetR8_2 Pin=R10-2
Added Pin To Net: NetName=NetR8_2 Pin=R11-1
Added Net: Name=NetR8_2
Added Pin To Net: NetName=NetR17_1 Pin=R17-1
Added Pin To Net: NetName=NetR17_1 Pin=U4-9
Added Net: Name=NetR17_1
Added Pin To Net: NetName=NetT1_1 Pin=U1-11
Added Net: Name=NetT1_1
Added Pin To Net: NetName=NetU1_34 Pin=U1-34
Added Pin To Net: NetName=NetU1_34 Pin=U4-18
Added Net: Name=NetU1_34
Added Pin To Net: NetName=NetU1_35 Pin=U1-35
Added Pin To Net: NetName=NetU1_35 Pin=U4-3
Added Net: Name=NetU1_35
Added Pin To Net: NetName=NetU1_36 Pin=U1-36
Added Pin To Net: NetName=NetU1_36 Pin=U4-8
Added Net: Name=NetU1_36
Added Pin To Net: NetName=RELAY1 Pin=Q1_RC1-1
Added Pin To Net: NetName=RELAY1 Pin=U1-23
Added Net: Name=RELAY1
Added Pin To Net: NetName=RELAY2 Pin=Q1_RC2-1
Added Pin To Net: NetName=RELAY2 Pin=U1-14
Added Net: Name=RELAY2
Added Pin To Net: NetName=SD_CLK Pin=R3-2
Added Pin To Net: NetName=SD_CLK Pin=SD1-5
Added Pin To Net: NetName=SD_CLK Pin=U1-17
Added Net: Name=SD_CLK
Added Pin To Net: NetName=SD_CMD Pin=R6-2
Added Pin To Net: NetName=SD_CMD Pin=SD1-3
Added Pin To Net: NetName=SD_CMD Pin=U1-21
Added Net: Name=SD_CMD
Added Pin To Net: NetName=SD_DATA0 Pin=SD1-7
Added Pin To Net: NetName=SD_DATA0 Pin=U1-22
Added Net: Name=SD_DATA0
Added Pin To Net: NetName=SD_DATA1 Pin=SD1-8
Added Pin To Net: NetName=SD_DATA1 Pin=U1-24
Added Net: Name=SD_DATA1
Added Pin To Net: NetName=SD_DATA2 Pin=R4-2
Added Pin To Net: NetName=SD_DATA2 Pin=SD1-1
Added Pin To Net: NetName=SD_DATA2 Pin=U1-18
Added Net: Name=SD_DATA2
Added Pin To Net: NetName=SD_DATA3 Pin=R5-2
Added Pin To Net: NetName=SD_DATA3 Pin=SD1-2
Added Pin To Net: NetName=SD_DATA3 Pin=U1-20
Added Net: Name=SD_DATA3
Added Pin To Net: NetName=THERM1 Pin=P4_TR1-2
Added Pin To Net: NetName=THERM1 Pin=R1_TR1-1
Added Pin To Net: NetName=THERM1 Pin=U1-15
Added Net: Name=THERM1
Added Pin To Net: NetName=THERM2 Pin=P4_TR2-2
Added Pin To Net: NetName=THERM2 Pin=R1_TR2-1
Added Pin To Net: NetName=THERM2 Pin=U1-16
Added Net: Name=THERM2
Added Pin To Net: NetName=USB_N Pin=J2-3
Added Pin To Net: NetName=USB_N Pin=U4-5
Added Net: Name=USB_N
Added Pin To Net: NetName=USB_P Pin=J2-2
Added Pin To Net: NetName=USB_P Pin=U4-6
Added Net: Name=USB_P
Added Pin To Net: NetName=VCC Pin=C6-2
Added Pin To Net: NetName=VCC Pin=R1_TR1-2
Added Pin To Net: NetName=VCC Pin=R1_TR2-2
Added Pin To Net: NetName=VCC Pin=SD1-4
Added Pin To Net: NetName=VCC Pin=U1-37
Added Net: Name=VCC
Added Class: Name=CEA2045
Added Class: Name=GPS
Added Class: Name=JTAG
Added Class: Name=MCU
Added Class: Name=PWR
Added Class: Name=RC1
Added Class: Name=RC2
Added Class: Name=RF
Added Class: Name=SD
Added Class: Name=TR1
Added Class: Name=TR2
Added Class: Name=UART
Added Class: Name=AC
Added Class: Name=RELAY[1..2]
Added Class: Name=SD_DATA[0..3]
Added Class: Name=THERM[1..2]
Added Differential Pair: Name=USB
Added Class: Name=Relay
Added Class: Name=Termistor Channel
Added Room: Name=CEA2045
Added Room: Name=GPS
Added Room: Name=JTAG
Added Room: Name=MCU
Added Room: Name=PWR
Added Room: Name=RC1
Added Room: Name=RC2
Added Room: Name=RF
Added Room: Name=SD
Added Room: Name=TR1
Added Room: Name=TR2
Added Room: Name=UART
